  contact.c
  test.c
D:\vs\contact\contact\contact.c(34,33): warning C4028: 形参 1 与声明不同
  正在生成代码...
test.obj : error LNK2019: 无法解析的外部符号 SearchContact，函数 main 中引用了该符号
D:\vs\contact\contact\x64\Debug\contact.exe : fatal error LNK1120: 1 个无法解析的外部命令
